[0519/194514:ERROR:renderer_main.cc(203)] Running without renderer sandbox
[0519/194514:ERROR:block_files.cc(477)] Failed to open C:\Users\Administrator\AppData\Local\Tencent\Minibrowser\UserData\data_0
[0519/194514:ERROR:cache_util_win.cc(20)] Unable to move the cache: 5
[0519/194514:ERROR:cache_util.cc(132)] Unable to move cache folder C:\Users\Administrator\AppData\Local\Tencent\Minibrowser\UserData to C:\Users\Administrator\AppData\Local\Tencent\Minibrowser\old_UserData_000
[0519/194514:ERROR:cache_creator.cc(133)] Unable to create cache
[0519/194517:INFO:CONSOLE(6)] "The key "viewport-fit" is not recognized and ignored.", source: https://mp.weixin.qq.com/s?__biz=MzU2ODQyNDQ0Mg==&mid=2247484033&idx=1&sn=5f340f777ae8be9eb5a0ad7c58b70352&chksm=fc8f6014cbf8e902fbe069e4dd49fc2343bfb6523c8755d0e8174127a80e05febd7ca3d3bca2&mpshare=1&scene=23&srcid=0519pKyq9IiEBM6HTPVkTxEq#rd (6)
[0519/194517:INFO:CONSOLE(425)] "first js excute:157", source: https://mp.weixin.qq.com/s?__biz=MzU2ODQyNDQ0Mg==&mid=2247484033&idx=1&sn=5f340f777ae8be9eb5a0ad7c58b70352&chksm=fc8f6014cbf8e902fbe069e4dd49fc2343bfb6523c8755d0e8174127a80e05febd7ca3d3bca2&mpshare=1&scene=23&srcid=0519pKyq9IiEBM6HTPVkTxEq (425)
[0519/194517:ERROR:child_discardable_shared_memory_manager.cc(266)] size: 4194304
[0519/194518:INFO:CONSOLE(2354)] "进入index.js init", source: https://res.wx.qq.com/mmbizwap/zh_CN/htmledition/style/page/appmsg_new/not_in_mm.css3de35e.js,/mmbizwap/zh_CN/htmledition/style/page/appmsg_new/combo.css3de35e.js,/mmbizwap/zh_CN/htmledition/js/appmsg/appmsg_report3dae33.js,/mmbizwap/zh_CN/htmledition/js/biz_common/moment3518c6.js,/mmbizwap/zh_CN/htmledition/js/biz_wap/jsapi/core3d3b85.js,/mmbizwap/zh_CN/htmledition/js/biz_common/dom/event3a25e9.js,/mmbizwap/zh_CN/htmledition/js/appmsg/test3d3b85.js,/mmbizwap/zh_CN/htmledition/js/biz_wap/utils/mmversion3de208.js,/mmbizwap/zh_CN/htmledition/js/appmsg/max_age3d3b85.js,/mmbizwap/zh_CN/htmledition/js/biz_common/dom/attr3518c6.js,/mmbizwap/zh_CN/htmledition/js/biz_wap/utils/ajax3d3b85.js,/mmbizwap/zh_CN/htmledition/js/appmsg/log300330.js,/mmbizwap/zh_CN/htmledition/js/biz_common/dom/class3518c6.js,/mmbizwap/zh_CN/htmledition/js/biz_wap/utils/device34c264.js,/mmbizwap/zh_CN/htmledition/js/biz_common/utils/string/html3518c6.js,/mmbizwap/zh_CN/htmledition/js/appmsg/index3de415.js (2354)
[0519/194518:INFO:CONSOLE(1777)] "currentMpInfo:http://mmbiz.qpic.cn/mmbiz_png/qKHXxdTZsiaYtehXDvIOAll5ibK3VB225BS2BibM1paHVfI3NlS3BmH76Ur9BS2BFsdNeQOOZF9XC2NAPM7uicWOBw/0?wx_fmt=png|title:ECNU学涯通", source: https://res.wx.qq.com/mmbizwap/zh_CN/htmledition/style/page/appmsg_new/not_in_mm.css3de35e.js,/mmbizwap/zh_CN/htmledition/style/page/appmsg_new/combo.css3de35e.js,/mmbizwap/zh_CN/htmledition/js/appmsg/appmsg_report3dae33.js,/mmbizwap/zh_CN/htmledition/js/biz_common/moment3518c6.js,/mmbizwap/zh_CN/htmledition/js/biz_wap/jsapi/core3d3b85.js,/mmbizwap/zh_CN/htmledition/js/biz_common/dom/event3a25e9.js,/mmbizwap/zh_CN/htmledition/js/appmsg/test3d3b85.js,/mmbizwap/zh_CN/htmledition/js/biz_wap/utils/mmversion3de208.js,/mmbizwap/zh_CN/htmledition/js/appmsg/max_age3d3b85.js,/mmbizwap/zh_CN/htmledition/js/biz_common/dom/attr3518c6.js,/mmbizwap/zh_CN/htmledition/js/biz_wap/utils/ajax3d3b85.js,/mmbizwap/zh_CN/htmledition/js/appmsg/log300330.js,/mmbizwap/zh_CN/htmledition/js/biz_common/dom/class3518c6.js,/mmbizwap/zh_CN/htmledition/js/biz_wap/utils/device34c264.js,/mmbizwap/zh_CN/htmledition/js/biz_common/utils/string/html3518c6.js,/mmbizwap/zh_CN/htmledition/js/appmsg/index3de415.js (1777)
[0519/194518:INFO:CONSOLE(2288)] "can_see_complaint", source: https://res.wx.qq.com/mmbizwap/zh_CN/htmledition/js/pages/qqmusic_tpl.html393e3a.js,/mmbizwap/zh_CN/htmledition/js/new_video/ctl3d3b85.js,/mmbizwap/zh_CN/htmledition/js/a/testdata3bb523.js,/mmbizwap/zh_CN/htmledition/js/appmsg/reward_entry3dcb66.js,/mmbizwap/zh_CN/htmledition/js/appmsg/like3d171e.js,/mmbizwap/zh_CN/htmledition/js/pages/version4video3de208.js,/mmbizwap/zh_CN/htmledition/js/a/a3de208.js,/mmbizwap/zh_CN/htmledition/js/rt/appmsg/getappmsgext.rt2c21f6.js,/mmbizwap/zh_CN/htmledition/js/biz_wap/utils/storage34c264.js,/mmbizwap/zh_CN/htmledition/js/biz_common/tmpl3518c6.js,/mmbizwap/zh_CN/htmledition/js/appmsg/share_tpl.html36906d.js,/mmbizwap/zh_CN/htmledition/js/appmsg/appmsgext3d6a60.js,/mmbizwap/zh_CN/htmledition/js/appmsg/img_copyright_tpl.html2a2c13.js,/mmbizwap/zh_CN/htmledition/js/pages/video_ctrl3d3b85.js,/mmbizwap/zh_CN/htmledition/js/pages/create_txv3d43f7.js,/mmbizwap/zh_CN/htmledition/js/appmsg/comment_utils3d171e.js?v=1003 (2288)
[0519/194518:INFO:CONSOLE(2456)] "getData", source: https://res.wx.qq.com/mmbizwap/zh_CN/htmledition/js/pages/qqmusic_tpl.html393e3a.js,/mmbizwap/zh_CN/htmledition/js/new_video/ctl3d3b85.js,/mmbizwap/zh_CN/htmledition/js/a/testdata3bb523.js,/mmbizwap/zh_CN/htmledition/js/appmsg/reward_entry3dcb66.js,/mmbizwap/zh_CN/htmledition/js/appmsg/like3d171e.js,/mmbizwap/zh_CN/htmledition/js/pages/version4video3de208.js,/mmbizwap/zh_CN/htmledition/js/a/a3de208.js,/mmbizwap/zh_CN/htmledition/js/rt/appmsg/getappmsgext.rt2c21f6.js,/mmbizwap/zh_CN/htmledition/js/biz_wap/utils/storage34c264.js,/mmbizwap/zh_CN/htmledition/js/biz_common/tmpl3518c6.js,/mmbizwap/zh_CN/htmledition/js/appmsg/share_tpl.html36906d.js,/mmbizwap/zh_CN/htmledition/js/appmsg/appmsgext3d6a60.js,/mmbizwap/zh_CN/htmledition/js/appmsg/img_copyright_tpl.html2a2c13.js,/mmbizwap/zh_CN/htmledition/js/pages/video_ctrl3d3b85.js,/mmbizwap/zh_CN/htmledition/js/pages/create_txv3d43f7.js,/mmbizwap/zh_CN/htmledition/js/appmsg/comment_utils3d171e.js?v=1003 (2456)
[0519/194518:INFO:CONSOLE(1321)] "[moon] load js complete, url num : 8, total mod count : 127, hit num: 0, use time : 725ms", source: https://mp.weixin.qq.com/s?__biz=MzU2ODQyNDQ0Mg==&mid=2247484033&idx=1&sn=5f340f777ae8be9eb5a0ad7c58b70352&chksm=fc8f6014cbf8e902fbe069e4dd49fc2343bfb6523c8755d0e8174127a80e05febd7ca3d3bca2&mpshare=1&scene=23&srcid=0519pKyq9IiEBM6HTPVkTxEq (1321)
[0519/194518:INFO:CONSOLE(1792)] "pageshow:top=0", source: https://res.wx.qq.com/mmbizwap/zh_CN/htmledition/style/page/appmsg_new/not_in_mm.css3de35e.js,/mmbizwap/zh_CN/htmledition/style/page/appmsg_new/combo.css3de35e.js,/mmbizwap/zh_CN/htmledition/js/appmsg/appmsg_report3dae33.js,/mmbizwap/zh_CN/htmledition/js/biz_common/moment3518c6.js,/mmbizwap/zh_CN/htmledition/js/biz_wap/jsapi/core3d3b85.js,/mmbizwap/zh_CN/htmledition/js/biz_common/dom/event3a25e9.js,/mmbizwap/zh_CN/htmledition/js/appmsg/test3d3b85.js,/mmbizwap/zh_CN/htmledition/js/biz_wap/utils/mmversion3de208.js,/mmbizwap/zh_CN/htmledition/js/appmsg/max_age3d3b85.js,/mmbizwap/zh_CN/htmledition/js/biz_common/dom/attr3518c6.js,/mmbizwap/zh_CN/htmledition/js/biz_wap/utils/ajax3d3b85.js,/mmbizwap/zh_CN/htmledition/js/appmsg/log300330.js,/mmbizwap/zh_CN/htmledition/js/biz_common/dom/class3518c6.js,/mmbizwap/zh_CN/htmledition/js/biz_wap/utils/device34c264.js,/mmbizwap/zh_CN/htmledition/js/biz_common/utils/string/html3518c6.js,/mmbizwap/zh_CN/htmledition/js/appmsg/index3de415.js (1792)
[0519/194519:INFO:CONSOLE(1787)] "ECNU学涯通init setPageTitle :top[100]:title_show[false]", source: https://res.wx.qq.com/mmbizwap/zh_CN/htmledition/style/page/appmsg_new/not_in_mm.css3de35e.js,/mmbizwap/zh_CN/htmledition/style/page/appmsg_new/combo.css3de35e.js,/mmbizwap/zh_CN/htmledition/js/appmsg/appmsg_report3dae33.js,/mmbizwap/zh_CN/htmledition/js/biz_common/moment3518c6.js,/mmbizwap/zh_CN/htmledition/js/biz_wap/jsapi/core3d3b85.js,/mmbizwap/zh_CN/htmledition/js/biz_common/dom/event3a25e9.js,/mmbizwap/zh_CN/htmledition/js/appmsg/test3d3b85.js,/mmbizwap/zh_CN/htmledition/js/biz_wap/utils/mmversion3de208.js,/mmbizwap/zh_CN/htmledition/js/appmsg/max_age3d3b85.js,/mmbizwap/zh_CN/htmledition/js/biz_common/dom/attr3518c6.js,/mmbizwap/zh_CN/htmledition/js/biz_wap/utils/ajax3d3b85.js,/mmbizwap/zh_CN/htmledition/js/appmsg/log300330.js,/mmbizwap/zh_CN/htmledition/js/biz_common/dom/class3518c6.js,/mmbizwap/zh_CN/htmledition/js/biz_wap/utils/device34c264.js,/mmbizwap/zh_CN/htmledition/js/biz_common/utils/string/html3518c6.js,/mmbizwap/zh_CN/htmledition/js/appmsg/index3de415.js (1787)
[0519/194524:INFO:CONSOLE(1788)] "ECNU学涯通init setPageTitle :top[0]:title_show[true]", source: https://res.wx.qq.com/mmbizwap/zh_CN/htmledition/style/page/appmsg_new/not_in_mm.css3de35e.js,/mmbizwap/zh_CN/htmledition/style/page/appmsg_new/combo.css3de35e.js,/mmbizwap/zh_CN/htmledition/js/appmsg/appmsg_report3dae33.js,/mmbizwap/zh_CN/htmledition/js/biz_common/moment3518c6.js,/mmbizwap/zh_CN/htmledition/js/biz_wap/jsapi/core3d3b85.js,/mmbizwap/zh_CN/htmledition/js/biz_common/dom/event3a25e9.js,/mmbizwap/zh_CN/htmledition/js/appmsg/test3d3b85.js,/mmbizwap/zh_CN/htmledition/js/biz_wap/utils/mmversion3de208.js,/mmbizwap/zh_CN/htmledition/js/appmsg/max_age3d3b85.js,/mmbizwap/zh_CN/htmledition/js/biz_common/dom/attr3518c6.js,/mmbizwap/zh_CN/htmledition/js/biz_wap/utils/ajax3d3b85.js,/mmbizwap/zh_CN/htmledition/js/appmsg/log300330.js,/mmbizwap/zh_CN/htmledition/js/biz_common/dom/class3518c6.js,/mmbizwap/zh_CN/htmledition/js/biz_wap/utils/device34c264.js,/mmbizwap/zh_CN/htmledition/js/biz_common/utils/string/html3518c6.js,/mmbizwap/zh_CN/htmledition/js/appmsg/index3de415.js (1788)
[0519/194526:INFO:CONSOLE(1787)] "ECNU学涯通init setPageTitle :top[100]:title_show[false]", source: https://res.wx.qq.com/mmbizwap/zh_CN/htmledition/style/page/appmsg_new/not_in_mm.css3de35e.js,/mmbizwap/zh_CN/htmledition/style/page/appmsg_new/combo.css3de35e.js,/mmbizwap/zh_CN/htmledition/js/appmsg/appmsg_report3dae33.js,/mmbizwap/zh_CN/htmledition/js/biz_common/moment3518c6.js,/mmbizwap/zh_CN/htmledition/js/biz_wap/jsapi/core3d3b85.js,/mmbizwap/zh_CN/htmledition/js/biz_common/dom/event3a25e9.js,/mmbizwap/zh_CN/htmledition/js/appmsg/test3d3b85.js,/mmbizwap/zh_CN/htmledition/js/biz_wap/utils/mmversion3de208.js,/mmbizwap/zh_CN/htmledition/js/appmsg/max_age3d3b85.js,/mmbizwap/zh_CN/htmledition/js/biz_common/dom/attr3518c6.js,/mmbizwap/zh_CN/htmledition/js/biz_wap/utils/ajax3d3b85.js,/mmbizwap/zh_CN/htmledition/js/appmsg/log300330.js,/mmbizwap/zh_CN/htmledition/js/biz_common/dom/class3518c6.js,/mmbizwap/zh_CN/htmledition/js/biz_wap/utils/device34c264.js,/mmbizwap/zh_CN/htmledition/js/biz_common/utils/string/html3518c6.js,/mmbizwap/zh_CN/htmledition/js/appmsg/index3de415.js (1787)
[0519/195002:ERROR:child_discardable_shared_memory_manager.cc(266)] size: 4194304
[0522/205519:ERROR:renderer_main.cc(203)] Running without renderer sandbox
[0522/205519:ERROR:block_files.cc(477)] Failed to open C:\Users\Administrator\AppData\Local\Tencent\Minibrowser\UserData\data_0
[0522/205519:ERROR:cache_util_win.cc(20)] Unable to move the cache: 5
[0522/205519:ERROR:cache_util.cc(132)] Unable to move cache folder C:\Users\Administrator\AppData\Local\Tencent\Minibrowser\UserData to C:\Users\Administrator\AppData\Local\Tencent\Minibrowser\old_UserData_000
[0522/205519:ERROR:cache_creator.cc(133)] Unable to create cache
[0522/205520:ERROR:child_discardable_shared_memory_manager.cc(266)] size: 4194304
[0522/205521:ERROR:child_discardable_shared_memory_manager.cc(266)] size: 4194304
[0522/205521:INFO:CONSOLE(1)] "%c
                     //
         \\         //
          \\       //
    ##DDDDDDDDDDDDDDDDDDDDDD##
    ## DDDDDDDDDDDDDDDDDDDD ##   ________   ___   ___        ___   ________   ___   ___        ___
    ## hh                hh ##   |\   __  \ |\  \ |\  \      |\  \ |\   __  \ |\  \ |\  \      |\  \
    ## hh    //    \\    hh ##   \ \  \|\ /_\ \  \\ \  \     \ \  \\ \  \|\ /_\ \  \\ \  \     \ \  \
    ## hh   //      \\   hh ##    \ \   __  \\ \  \\ \  \     \ \  \\ \   __  \\ \  \\ \  \     \ \  \
    ## hh                hh ##     \ \  \|\  \\ \  \\ \  \____ \ \  \\ \  \|\  \\ \  \\ \  \____ \ \  \
    ## hh      wwww      hh ##      \ \_______\\ \__\\ \_______\\ \__\\ \_______\\ \__\\ \_______\\ \__\
    ## hh                hh ##       \|_______| \|__| \|_______| \|__| \|_______| \|__| \|_______| \|__|
    ## MMMMMMMMMMMMMMMMMMMM ##
    ##MMMMMMMMMMMMMMMMMMMMMM##                                        Release 1.22.1. Powered by 主站前端.
         \/            \/", source: https://s1.hdslb.com/bfs/static/jinkela/videoplay/video.692afd84d177e56efbf3c8ba926e32980e44041f.js (1)
[0522/205523:INFO:CONSOLE(112)] "Uncaught RangeError: Maximum call stack size exceeded", source:  (112)
[0522/205523:ERROR:child_discardable_shared_memory_manager.cc(266)] size: 15642624
[0522/205524:ERROR:child_discardable_shared_memory_manager.cc(266)] size: 4194304
[0522/205524:ERROR:child_discardable_shared_memory_manager.cc(266)] size: 4194304
[0522/205524:ERROR:child_discardable_shared_memory_manager.cc(266)] size: 4194304
[0522/205529:ERROR:audio_low_latency_output_win.cc(181)] Bailing out due to non-perfect timing.  Buffer size of 480 is not an even divisor of 1056
[0522/210902:INFO:CONSOLE(0)] "Mixed Content: The page at 'https://www.bilibili.com/video/av23748120?share_medium=android&share_source=qq&bbid=08DAB2E7-63C3-4632-B92C-F6A2323798FA12528infoc&ts=1526986577982' was loaded over HTTPS, but requested an insecure plugin data 'http://i0.hdslb.com/crossdomain.xml'. This content should also be served over HTTPS.", source: https://www.bilibili.com/video/av23748120?share_medium=android&share_source=qq&bbid=08DAB2E7-63C3-4632-B92C-F6A2323798FA12528infoc&ts=1526986577982 (0)
[0522/210902:INFO:CONSOLE(0)] "Mixed Content: The page at 'https://www.bilibili.com/video/av23748120?share_medium=android&share_source=qq&bbid=08DAB2E7-63C3-4632-B92C-F6A2323798FA12528infoc&ts=1526986577982' was loaded over HTTPS, but requested an insecure plugin data 'http://i0.hdslb.com/bfs/face/f07c74fe2a020b33ab1035fea6d3338b6a6e6749.jpg'. This content should also be served over HTTPS.", source: https://www.bilibili.com/video/av23748120?share_medium=android&share_source=qq&bbid=08DAB2E7-63C3-4632-B92C-F6A2323798FA12528infoc&ts=1526986577982 (0)
[0522/210937:ERROR:child_discardable_shared_memory_manager.cc(266)] size: 4194304
[0522/210937:INFO:CONSOLE(1)] "%c
                     //
         \\         //
          \\       //
    ##DDDDDDDDDDDDDDDDDDDDDD##
    ## DDDDDDDDDDDDDDDDDDDD ##   ________   ___   ___        ___   ________   ___   ___        ___
    ## hh                hh ##   |\   __  \ |\  \ |\  \      |\  \ |\   __  \ |\  \ |\  \      |\  \
    ## hh    //    \\    hh ##   \ \  \|\ /_\ \  \\ \  \     \ \  \\ \  \|\ /_\ \  \\ \  \     \ \  \
    ## hh   //      \\   hh ##    \ \   __  \\ \  \\ \  \     \ \  \\ \   __  \\ \  \\ \  \     \ \  \
    ## hh                hh ##     \ \  \|\  \\ \  \\ \  \____ \ \  \\ \  \|\  \\ \  \\ \  \____ \ \  \
    ## hh      wwww      hh ##      \ \_______\\ \__\\ \_______\\ \__\\ \_______\\ \__\\ \_______\\ \__\
    ## hh                hh ##       \|_______| \|__| \|_______| \|__| \|_______| \|__| \|_______| \|__|
    ## MMMMMMMMMMMMMMMMMMMM ##
    ##MMMMMMMMMMMMMMMMMMMMMM##                                        Release 1.22.1. Powered by 主站前端.
         \/            \/", source: https://s1.hdslb.com/bfs/static/jinkela/search/search.54dd035c50bbc8fd146a497ff2822dd116ee8226.js (1)
[0522/210938:INFO:CONSOLE(112)] "Uncaught RangeError: Maximum call stack size exceeded", source:  (112)
[0522/210939:ERROR:child_discardable_shared_memory_manager.cc(266)] size: 4194304
[0522/210939:ERROR:child_discardable_shared_memory_manager.cc(266)] size: 4194304
